<?xml version="1.0" encoding="UTF-8"?>
<!-- Generated by org.testng.reporters.JUnitReportReporter -->
<testsuite hostname="LAPTOP-DGS1AD5G" failures="0" tests="1" name="myAssignment.AssignmentTest" time="13.966" errors="0" timestamp="2023-12-09T20:35:04 IST" skipped="0">
  <testcase classname="myAssignment.AssignmentTest" name="completeAssignment" time="13.966"/>
  <system-out/>
</testsuite> <!-- myAssignment.AssignmentTest -->
